<?xml version="1.0" encoding="UTF-8"?>
<testng-results ignored="0" total="1" passed="1" failed="0" skipped="0">
  <reporter-output>
  </reporter-output>
  <suite started-at="2022-03-19T14:24:55 IST" name="Default suite" finished-at="2022-03-19T14:24:55 IST" duration-ms="64">
    <groups>
    </groups>
    <test started-at="2022-03-19T14:24:55 IST" name="Default test" finished-at="2022-03-19T14:24:55 IST" duration-ms="64">
      <class name="MyTests.Testcases">
        <test-method signature="test1()[pri:0, instance:MyTests.Testcases@79da8dc5]" started-at="2022-03-19T14:24:55 IST" name="test1" finished-at="2022-03-19T14:24:55 IST" duration-ms="14" status="PASS">
          <reporter-output>
          </reporter-output>
        </test-method> <!-- test1 -->
        <test-method is-config="true" signature="tearDown()[pri:0, instance:MyTests.Testcases@79da8dc5]" started-at="2022-03-19T14:24:55 IST" name="tearDown" finished-at="2022-03-19T14:24:55 IST" duration-ms="2" status="PASS">
          <reporter-output>
          </reporter-output>
        </test-method> <!-- tearDown -->
      </class> <!-- MyTests.Testcases -->
    </test> <!-- Default test -->
  </suite> <!-- Default suite -->
</testng-results>
